{"total": {"lines":{"total":299,"covered":89,"skipped":0,"pct":29.76},"statements":{"total":304,"covered":89,"skipped":0,"pct":29.27},"functions":{"total":34,"covered":9,"skipped":0,"pct":26.47},"branches":{"total":138,"covered":37,"skipped":0,"pct":26.81},"branchesTrue":{"total":0,"covered":0,"skipped":0,"pct":"Unknown"}}
,"C:\\Users\\farvi\\OneDrive\\Desktop\\Year 2 Sem 4\\DevOPS Essentials\\Project 2\\BookTrack_Add_Book\\public\\js\\add-book.js": {"lines":{"total":72,"covered":67,"skipped":0,"pct":93.05},"functions":{"total":5,"covered":5,"skipped":0,"pct":100},"statements":{"total":72,"covered":67,"skipped":0,"pct":93.05},"branches":{"total":28,"covered":25,"skipped":0,"pct":89.28}}
,"C:\\Users\\farvi\\OneDrive\\Desktop\\Year 2 Sem 4\\DevOPS Essentials\\Project 2\\BookTrack_Add_Book\\public\\js\\add-transaction.js": {"lines":{"total":42,"covered":0,"skipped":0,"pct":0},"functions":{"total":8,"covered":0,"skipped":0,"pct":0},"statements":{"total":42,"covered":0,"skipped":0,"pct":0},"branches":{"total":22,"covered":0,"skipped":0,"pct":0}}
,"C:\\Users\\farvi\\OneDrive\\Desktop\\Year 2 Sem 4\\DevOPS Essentials\\Project 2\\BookTrack_Add_Book\\public\\js\\get-book.js": {"lines":{"total":31,"covered":18,"skipped":0,"pct":58.06},"functions":{"total":4,"covered":3,"skipped":0,"pct":75},"statements":{"total":31,"covered":18,"skipped":0,"pct":58.06},"branches":{"total":17,"covered":12,"skipped":0,"pct":70.58}}
,"C:\\Users\\farvi\\OneDrive\\Desktop\\Year 2 Sem 4\\DevOPS Essentials\\Project 2\\BookTrack_Add_Book\\public\\js\\search-books.js": {"lines":{"total":38,"covered":0,"skipped":0,"pct":0},"functions":{"total":6,"covered":0,"skipped":0,"pct":0},"statements":{"total":38,"covered":0,"skipped":0,"pct":0},"branches":{"total":16,"covered":0,"skipped":0,"pct":0}}
,"C:\\Users\\farvi\\OneDrive\\Desktop\\Year 2 Sem 4\\DevOPS Essentials\\Project 2\\BookTrack_Add_Book\\public\\js\\update-book.js": {"lines":{"total":116,"covered":4,"skipped":0,"pct":3.44},"functions":{"total":11,"covered":1,"skipped":0,"pct":9.09},"statements":{"total":121,"covered":4,"skipped":0,"pct":3.3},"branches":{"total":55,"covered":0,"skipped":0,"pct":0}}
}
